# JRE version: Java(TM) SE Runtime Environment (8.0_31-b13) (build 1.8.0_31-b13)
# Java VM: Java HotSpot(TM) 64-Bit Server VM (25.31-b07 mixed mode windows-amd64 compressed oops)
Heap:
 PSYoungGen      total 150016K, used 39882K [0x00000000eab00000, 0x00000000f4d80000, 0x0000000100000000)
  eden space 136704K, 21% used [0x00000000eab00000,0x00000000ec84c190,0x00000000f3080000)
  from space 13312K, 74% used [0x00000000f4080000,0x00000000f4a26a58,0x00000000f4d80000)
  to   space 14848K, 0% used [0x00000000f3080000,0x00000000f3080000,0x00000000f3f00000)
 ParOldGen       total 72192K, used 31910K [0x00000000c0000000, 0x00000000c4680000, 0x00000000eab00000)
  object space 72192K, 44% used [0x00000000c0000000,0x00000000c1f29988,0x00000000c4680000)
 Metaspace       used 45611K, capacity 46998K, committed 47104K, reserved 1089536K
  class space    used 6123K, capacity 6614K, committed 6656K, reserved 1048576K
GC Heap History (10 events):
Event: 21.400 GC heap before
{Heap before GC invocations=12 (full 1):
 PSYoungGen      total 77824K, used 75636K [0x00000000eab00000, 0x00000000f0380000, 0x0000000100000000)
  eden space 68096K, 100% used [0x00000000eab00000,0x00000000eed80000,0x00000000eed80000)
  from space 9728K, 77% used [0x00000000ef780000,0x00000000efedd150,0x00000000f0100000)
  to   space 10240K, 0% used [0x00000000eed80000,0x00000000eed80000,0x00000000ef780000)
 ParOldGen       total 48640K, used 8468K [0x00000000c0000000, 0x00000000c2f80000, 0x00000000eab00000)
  object space 48640K, 17% used [0x00000000c0000000,0x00000000c08452a0,0x00000000c2f80000)
 Metaspace       used 30778K, capacity 31518K, committed 31744K, reserved 1077248K
  class space    used 3987K, capacity 4301K, committed 4352K, reserved 1048576K
Event: 21.463 GC heap after
Heap after GC invocations=12 (full 1):
 PSYoungGen      total 78336K, used 8959K [0x00000000eab00000, 0x00000000f1f00000, 0x0000000100000000)
  eden space 68096K, 0% used [0x00000000eab00000,0x00000000eab00000,0x00000000eed80000)
  from space 10240K, 87% used [0x00000000eed80000,0x00000000ef63fca8,0x00000000ef780000)
  to   space 11776K, 0% used [0x00000000f1380000,0x00000000f1380000,0x00000000f1f00000)
 ParOldGen       total 48640K, used 10232K [0x00000000c0000000, 0x00000000c2f80000, 0x00000000eab00000)
  object space 48640K, 21% used [0x00000000c0000000,0x00000000c09fe3c0,0x00000000c2f80000)
 Metaspace       used 30778K, capacity 31518K, committed 31744K, reserved 1077248K
  class space    used 3987K, capacity 4301K, committed 4352K, reserved 1048576K
}
Event: 23.119 GC heap before
{Heap before GC invocations=13 (full 1):
 PSYoungGen      total 78336K, used 59832K [0x00000000eab00000, 0x00000000f1f00000, 0x0000000100000000)
  eden space 68096K, 74% used [0x00000000eab00000,0x00000000edcae610,0x00000000eed80000)
  from space 10240K, 87% used [0x00000000eed80000,0x00000000ef63fca8,0x00000000ef780000)
  to   space 11776K, 0% used [0x00000000f1380000,0x00000000f1380000,0x00000000f1f00000)
 ParOldGen       total 48640K, used 10232K [0x00000000c0000000, 0x00000000c2f80000, 0x00000000eab00000)
  object space 48640K, 21% used [0x00000000c0000000,0x00000000c09fe3c0,0x00000000c2f80000)
 Metaspace       used 34439K, capacity 35364K, committed 35456K, reserved 1079296K
  class space    used 4583K, capacity 4982K, committed 4992K, reserved 1048576K
Event: 24.092 GC heap after
Heap after GC invocations=13 (full 1):
 PSYoungGen      total 107008K, used 7614K [0x00000000eab00000, 0x00000000f2980000, 0x0000000100000000)
  eden space 95232K, 0% used [0x00000000eab00000,0x00000000eab00000,0x00000000f0800000)
  from space 11776K, 64% used [0x00000000f1380000,0x00000000f1aef870,0x00000000f1f00000)
  to   space 11776K, 0% used [0x00000000f0800000,0x00000000f0800000,0x00000000f1380000)
 ParOldGen       total 48640K, used 15518K [0x00000000c0000000, 0x00000000c2f80000, 0x00000000eab00000)
  object space 48640K, 31% used [0x00000000c0000000,0x00000000c0f27910,0x00000000c2f80000)
 Metaspace       used 34439K, capacity 35364K, committed 35456K, reserved 1079296K
  class space    used 4583K, capacity 4982K, committed 4992K, reserved 1048576K
}
Event: 24.092 GC heap before
{Heap before GC invocations=14 (full 2):
 PSYoungGen      total 107008K, used 7614K [0x00000000eab00000, 0x00000000f2980000, 0x0000000100000000)
  eden space 95232K, 0% used [0x00000000eab00000,0x00000000eab00000,0x00000000f0800000)
  from space 11776K, 64% used [0x00000000f1380000,0x00000000f1aef870,0x00000000f1f00000)
  to   space 11776K, 0% used [0x00000000f0800000,0x00000000f0800000,0x00000000f1380000)
 ParOldGen       total 48640K, used 15518K [0x00000000c0000000, 0x00000000c2f80000, 0x00000000eab00000)
  object space 48640K, 31% used [0x00000000c0000000,0x00000000c0f27910,0x00000000c2f80000)
 Metaspace       used 34439K, capacity 35364K, committed 35456K, reserved 1079296K
  class space    used 4583K, capacity 4982K, committed 4992K, reserved 1048576K
Event: 24.861 GC heap after
Heap after GC invocations=14 (full 2):
 PSYoungGen      total 107008K, used 0K [0x00000000eab00000, 0x00000000f2980000, 0x0000000100000000)
  eden space 95232K, 0% used [0x00000000eab00000,0x00000000eab00000,0x00000000f0800000)
  from space 11776K, 0% used [0x00000000f1380000,0x00000000f1380000,0x00000000f1f00000)
  to   space 11776K, 0% used [0x00000000f0800000,0x00000000f0800000,0x00000000f1380000)
 ParOldGen       total 72192K, used 21062K [0x00000000c0000000, 0x00000000c4680000, 0x00000000eab00000)
  object space 72192K, 29% used [0x00000000c0000000,0x00000000c1491990,0x00000000c4680000)
 Metaspace       used 34439K, capacity 35364K, committed 35456K, reserved 1079296K
  class space    used 4583K, capacity 4982K, committed 4992K, reserved 1048576K
}
Event: 28.909 GC heap before
{Heap before GC invocations=15 (full 2):
 PSYoungGen      total 107008K, used 95232K [0x00000000eab00000, 0x00000000f2980000, 0x0000000100000000)
  eden space 95232K, 100% used [0x00000000eab00000,0x00000000f0800000,0x00000000f0800000)
  from space 11776K, 0% used [0x00000000f1380000,0x00000000f1380000,0x00000000f1f00000)
  to   space 11776K, 0% used [0x00000000f0800000,0x00000000f0800000,0x00000000f1380000)
 ParOldGen       total 72192K, used 21062K [0x00000000c0000000, 0x00000000c4680000, 0x00000000eab00000)
  object space 72192K, 29% used [0x00000000c0000000,0x00000000c1491990,0x00000000c4680000)
 Metaspace       used 37782K, capacity 38968K, committed 39168K, reserved 1083392K
  class space    used 5066K, capacity 5509K, committed 5632K, reserved 1048576K
Event: 29.574 GC heap after
Heap after GC invocations=15 (full 2):
 PSYoungGen      total 107008K, used 11754K [0x00000000eab00000, 0x00000000f4e00000, 0x0000000100000000)
  eden space 95232K, 0% used [0x00000000eab00000,0x00000000eab00000,0x00000000f0800000)
  from space 11776K, 99% used [0x00000000f0800000,0x00000000f137a878,0x00000000f1380000)
  to   space 13824K, 0% used [0x00000000f4080000,0x00000000f4080000,0x00000000f4e00000)
 ParOldGen       total 72192K, used 21612K [0x00000000c0000000, 0x00000000c4680000, 0x00000000eab00000)
  object space 72192K, 29% used [0x00000000c0000000,0x00000000c151b2d8,0x00000000c4680000)
 Metaspace       used 37782K, capacity 38968K, committed 39168K, reserved 1083392K
  class space    used 5066K, capacity 5509K, committed 5632K, reserved 1048576K
}
Event: 34.682 GC heap before
{Heap before GC invocations=16 (full 2):
 PSYoungGen      total 107008K, used 106986K [0x00000000eab00000, 0x00000000f4e00000, 0x0000000100000000)
  eden space 95232K, 100% used [0x00000000eab00000,0x00000000f0800000,0x00000000f0800000)
  from space 11776K, 99% used [0x00000000f0800000,0x00000000f137a878,0x00000000f1380000)
  to   space 13824K, 0% used [0x00000000f4080000,0x00000000f4080000,0x00000000f4e00000)
 ParOldGen       total 72192K, used 21612K [0x00000000c0000000, 0x00000000c4680000, 0x00000000eab00000)
  object space 72192K, 29% used [0x00000000c0000000,0x00000000c151b2d8,0x00000000c4680000)
 Metaspace       used 42612K, capacity 44022K, committed 44288K, reserved 1087488K
  class space    used 5795K, capacity 6326K, committed 6400K, reserved 1048576K
Event: 34.792 GC heap after
Heap after GC invocations=16 (full 2):
 PSYoungGen      total 150016K, used 9882K [0x00000000eab00000, 0x00000000f4d80000, 0x0000000100000000)
  eden space 136704K, 0% used [0x00000000eab00000,0x00000000eab00000,0x00000000f3080000)
  from space 13312K, 74% used [0x00000000f4080000,0x00000000f4a26a58,0x00000000f4d80000)
  to   space 14848K, 0% used [0x00000000f3080000,0x00000000f3080000,0x00000000f3f00000)
 ParOldGen       total 72192K, used 31910K [0x00000000c0000000, 0x00000000c4680000, 0x00000000eab00000)
  object space 72192K, 44% used [0x00000000c0000000,0x00000000c1f29988,0x00000000c4680000)
 Metaspace       used 42612K, capacity 44022K, committed 44288K, reserved 1087488K
  class space    used 5795K, capacity 6326K, committed 6400K, reserved 1048576K
}

